23:37:58.485 [TestNG-tests-1] DEBUG qaclickacademy.e2e.LoginTest - Initializing Webdriver
23:37:58.485 [TestNG-tests-2] DEBUG qaclickacademy.e2e.ValidateTitleTest - Initializing Webdriver
23:38:02.608 [TestNG-tests-1] INFO  qaclickacademy.e2e.LoginTest - WebDriver is initialized
23:38:02.640 [TestNG-tests-2] INFO  qaclickacademy.e2e.ValidateTitleTest - WebDriver is initialized
23:38:02.663 [TestNG-tests-1] DEBUG qaclickacademy.e2e.LoginTest - Navigating to landing page
23:38:02.663 [TestNG-tests-2] DEBUG qaclickacademy.e2e.ValidateTitleTest - Reteriving title text
23:38:07.323 [TestNG-tests-2] INFO  qaclickacademy.e2e.ValidateTitleTest - Title text reterived
23:38:07.535 [TestNG-tests-1] INFO  qaclickacademy.e2e.LoginTest - Navigated to landing page
23:38:07.540 [TestNG-tests-1] DEBUG qaclickacademy.e2e.LoginTest - Clicking on Login link
23:38:08.726 [TestNG-tests-1] INFO  qaclickacademy.e2e.LoginTest - Clicked on Login link
23:38:08.726 [TestNG-tests-1] DEBUG qaclickacademy.e2e.LoginTest - Entering data in Email field
23:38:08.959 [TestNG-tests-1] INFO  qaclickacademy.e2e.LoginTest - Data entered in Email field
23:38:08.959 [TestNG-tests-1] DEBUG qaclickacademy.e2e.LoginTest - Entering data in Password field
23:38:08.988 [TestNG-tests-2] DEBUG qaclickacademy.e2e.ValidateTitleTest - Terminating Webdriver
23:38:09.275 [TestNG-tests-1] INFO  qaclickacademy.e2e.LoginTest - Entered data in Password field
23:38:09.275 [TestNG-tests-1] DEBUG qaclickacademy.e2e.LoginTest - Clicking on Login button
23:38:09.616 [TestNG-tests-1] INFO  qaclickacademy.e2e.LoginTest - Clicked on Login button
23:38:09.624 [TestNG-tests-1] DEBUG qaclickacademy.e2e.LoginTest - Navigating to landing page
23:38:09.837 [TestNG-tests-2] INFO  qaclickacademy.e2e.ValidateTitleTest - WebDriver terminated
23:38:11.668 [TestNG-tests-1] INFO  qaclickacademy.e2e.LoginTest - Navigated to landing page
23:38:11.668 [TestNG-tests-1] DEBUG qaclickacademy.e2e.LoginTest - Clicking on Login link
23:38:12.189 [TestNG-tests-1] INFO  qaclickacademy.e2e.LoginTest - Clicked on Login link
23:38:12.190 [TestNG-tests-1] DEBUG qaclickacademy.e2e.LoginTest - Entering data in Email field
23:38:12.376 [TestNG-tests-1] INFO  qaclickacademy.e2e.LoginTest - Data entered in Email field
23:38:12.376 [TestNG-tests-1] DEBUG qaclickacademy.e2e.LoginTest - Entering data in Password field
23:38:12.586 [TestNG-tests-1] INFO  qaclickacademy.e2e.LoginTest - Entered data in Password field
23:38:12.586 [TestNG-tests-1] DEBUG qaclickacademy.e2e.LoginTest - Clicking on Login button
23:38:12.846 [TestNG-tests-1] INFO  qaclickacademy.e2e.LoginTest - Clicked on Login button
23:38:12.848 [TestNG-tests-1] DEBUG qaclickacademy.e2e.LoginTest - Terminating Webdriver
23:38:13.604 [TestNG-tests-1] INFO  qaclickacademy.e2e.LoginTest - WebDriver terminated
23:53:41.733 [main] DEBUG qaclickacademy.e2e.LoginTest - Initializing Webdriver
23:53:45.008 [main] INFO  qaclickacademy.e2e.LoginTest - WebDriver is initialized
23:53:45.081 [main] DEBUG qaclickacademy.e2e.LoginTest - Navigating to landing page
23:53:50.564 [main] INFO  qaclickacademy.e2e.LoginTest - Navigated to landing page
23:53:50.564 [main] DEBUG qaclickacademy.e2e.LoginTest - Clicking on Login link
23:53:51.628 [main] INFO  qaclickacademy.e2e.LoginTest - Clicked on Login link
23:53:51.628 [main] DEBUG qaclickacademy.e2e.LoginTest - Entering data in Email field
23:53:51.801 [main] INFO  qaclickacademy.e2e.LoginTest - Data entered in Email field
23:53:51.801 [main] DEBUG qaclickacademy.e2e.LoginTest - Entering data in Password field
23:53:52.045 [main] INFO  qaclickacademy.e2e.LoginTest - Entered data in Password field
23:53:52.045 [main] DEBUG qaclickacademy.e2e.LoginTest - Clicking on Login button
23:53:52.303 [main] INFO  qaclickacademy.e2e.LoginTest - Clicked on Login button
23:53:52.331 [main] DEBUG qaclickacademy.e2e.LoginTest - Navigating to landing page
23:53:54.055 [main] INFO  qaclickacademy.e2e.LoginTest - Navigated to landing page
23:53:54.055 [main] DEBUG qaclickacademy.e2e.LoginTest - Clicking on Login link
23:53:54.464 [main] INFO  qaclickacademy.e2e.LoginTest - Clicked on Login link
23:53:54.464 [main] DEBUG qaclickacademy.e2e.LoginTest - Entering data in Email field
23:53:54.618 [main] INFO  qaclickacademy.e2e.LoginTest - Data entered in Email field
23:53:54.618 [main] DEBUG qaclickacademy.e2e.LoginTest - Entering data in Password field
23:53:54.754 [main] INFO  qaclickacademy.e2e.LoginTest - Entered data in Password field
23:53:54.754 [main] DEBUG qaclickacademy.e2e.LoginTest - Clicking on Login button
23:53:55.138 [main] INFO  qaclickacademy.e2e.LoginTest - Clicked on Login button
23:53:55.152 [main] DEBUG qaclickacademy.e2e.LoginTest - Terminating Webdriver
23:53:55.877 [main] INFO  qaclickacademy.e2e.LoginTest - WebDriver terminated
23:53:56.518 [main] DEBUG qaclickacademy.e2e.ValidateTitleTest - Initializing Webdriver
23:53:58.256 [main] INFO  qaclickacademy.e2e.ValidateTitleTest - WebDriver is initialized
23:53:58.259 [main] DEBUG qaclickacademy.e2e.ValidateTitleTest - Reteriving title text
23:54:03.034 [main] INFO  qaclickacademy.e2e.ValidateTitleTest - Title text reterived
23:54:04.153 [main] DEBUG qaclickacademy.e2e.ValidateTitleTest - Terminating Webdriver
23:54:04.998 [main] INFO  qaclickacademy.e2e.ValidateTitleTest - WebDriver terminated
00:18:24.587 [main] DEBUG qaclickacademy.e2e.LoginTest - Initializing Webdriver
00:18:27.802 [main] INFO  qaclickacademy.e2e.LoginTest - WebDriver is initialized
00:18:27.867 [main] DEBUG qaclickacademy.e2e.LoginTest - Navigating to landing page
00:18:30.937 [main] INFO  qaclickacademy.e2e.LoginTest - Navigated to landing page
00:18:30.937 [main] DEBUG qaclickacademy.e2e.LoginTest - Clicking on Login link
00:18:31.930 [main] INFO  qaclickacademy.e2e.LoginTest - Clicked on Login link
00:18:31.931 [main] DEBUG qaclickacademy.e2e.LoginTest - Entering data in Email field
00:18:32.105 [main] INFO  qaclickacademy.e2e.LoginTest - Data entered in Email field
00:18:32.105 [main] DEBUG qaclickacademy.e2e.LoginTest - Entering data in Password field
00:18:32.241 [main] INFO  qaclickacademy.e2e.LoginTest - Entered data in Password field
00:18:32.241 [main] DEBUG qaclickacademy.e2e.LoginTest - Clicking on Login button
00:18:32.542 [main] INFO  qaclickacademy.e2e.LoginTest - Clicked on Login button
00:18:32.564 [main] DEBUG qaclickacademy.e2e.LoginTest - Navigating to landing page
00:18:34.114 [main] INFO  qaclickacademy.e2e.LoginTest - Navigated to landing page
00:18:34.114 [main] DEBUG qaclickacademy.e2e.LoginTest - Clicking on Login link
00:18:34.521 [main] INFO  qaclickacademy.e2e.LoginTest - Clicked on Login link
00:18:34.521 [main] DEBUG qaclickacademy.e2e.LoginTest - Entering data in Email field
00:18:34.765 [main] INFO  qaclickacademy.e2e.LoginTest - Data entered in Email field
00:18:34.766 [main] DEBUG qaclickacademy.e2e.LoginTest - Entering data in Password field
00:18:34.999 [main] INFO  qaclickacademy.e2e.LoginTest - Entered data in Password field
00:18:34.999 [main] DEBUG qaclickacademy.e2e.LoginTest - Clicking on Login button
00:18:35.311 [main] INFO  qaclickacademy.e2e.LoginTest - Clicked on Login button
00:18:35.324 [main] DEBUG qaclickacademy.e2e.LoginTest - Terminating Webdriver
00:18:36.133 [main] INFO  qaclickacademy.e2e.LoginTest - WebDriver terminated
00:18:36.706 [main] DEBUG qaclickacademy.e2e.ValidateTitleTest - Initializing Webdriver
00:18:38.395 [main] INFO  qaclickacademy.e2e.ValidateTitleTest - WebDriver is initialized
00:18:38.398 [main] DEBUG qaclickacademy.e2e.ValidateTitleTest - Reteriving title text
00:18:41.816 [main] INFO  qaclickacademy.e2e.ValidateTitleTest - Title text reterived
00:18:42.808 [main] DEBUG qaclickacademy.e2e.ValidateTitleTest - Terminating Webdriver
00:18:43.590 [main] INFO  qaclickacademy.e2e.ValidateTitleTest - WebDriver terminated
12:03:49.002 [main] DEBUG qaclickacademy.e2e.LoginTest - Initializing Webdriver
12:03:58.300 [main] INFO  qaclickacademy.e2e.LoginTest - WebDriver is initialized
12:03:58.360 [main] DEBUG qaclickacademy.e2e.LoginTest - Navigating to landing page
12:04:09.032 [main] INFO  qaclickacademy.e2e.LoginTest - Navigated to landing page
12:04:09.032 [main] DEBUG qaclickacademy.e2e.LoginTest - Clicking on Login link
12:04:12.197 [main] INFO  qaclickacademy.e2e.LoginTest - Clicked on Login link
12:04:12.198 [main] DEBUG qaclickacademy.e2e.LoginTest - Entering data in Email field
12:04:12.346 [main] INFO  qaclickacademy.e2e.LoginTest - Data entered in Email field
12:04:12.347 [main] DEBUG qaclickacademy.e2e.LoginTest - Entering data in Password field
12:04:12.468 [main] INFO  qaclickacademy.e2e.LoginTest - Entered data in Password field
12:04:12.468 [main] DEBUG qaclickacademy.e2e.LoginTest - Clicking on Login button
12:04:12.817 [main] INFO  qaclickacademy.e2e.LoginTest - Clicked on Login button
12:04:12.833 [main] DEBUG qaclickacademy.e2e.LoginTest - Navigating to landing page
12:04:14.318 [main] INFO  qaclickacademy.e2e.LoginTest - Navigated to landing page
12:04:14.318 [main] DEBUG qaclickacademy.e2e.LoginTest - Clicking on Login link
12:04:14.644 [main] INFO  qaclickacademy.e2e.LoginTest - Clicked on Login link
12:04:14.644 [main] DEBUG qaclickacademy.e2e.LoginTest - Entering data in Email field
12:04:14.711 [main] INFO  qaclickacademy.e2e.LoginTest - Data entered in Email field
12:04:14.711 [main] DEBUG qaclickacademy.e2e.LoginTest - Entering data in Password field
12:04:14.792 [main] INFO  qaclickacademy.e2e.LoginTest - Entered data in Password field
12:04:14.793 [main] DEBUG qaclickacademy.e2e.LoginTest - Clicking on Login button
12:04:15.110 [main] INFO  qaclickacademy.e2e.LoginTest - Clicked on Login button
12:04:15.115 [main] DEBUG qaclickacademy.e2e.LoginTest - Terminating Webdriver
12:04:16.632 [main] INFO  qaclickacademy.e2e.LoginTest - WebDriver terminated
12:04:17.222 [main] DEBUG qaclickacademy.e2e.ValidateTitleTest - Initializing Webdriver
